<?xml version="1.0" encoding="UTF-8"?>
<testng-results skipped="0" failed="1" ignored="0" total="6" passed="5">
  <reporter-output>
  </reporter-output>
  <suite name="Regression" duration-ms="51695" started-at="2022-06-19T17:33:34 CDT" finished-at="2022-06-19T17:34:26 CDT">
    <groups>
    </groups>
    <test name="All Tests" duration-ms="51695" started-at="2022-06-19T17:33:34 CDT" finished-at="2022-06-19T17:34:26 CDT">
      <class name="scripts.CarvanaTest">
        <test-method status="PASS" signature="setup()[pri:0, instance:scripts.CarvanaTest@4dfa3a9d]" name="setup" is-config="true" duration-ms="2812" started-at="2022-06-19T17:33:34 CDT" finished-at="2022-06-19T17:33:37 CDT">
          <reporter-output>
          </reporter-output>
        </test-method> <!-- setup -->
        <test-method status="PASS" signature="testCarvanaHomePageTitleAndUrl()[pri:1, instance:scripts.CarvanaTest@4dfa3a9d]" name="testCarvanaHomePageTitleAndUrl" duration-ms="2599" started-at="2022-06-19T17:33:37 CDT" description="Validate Carvana home page title and url" finished-at="2022-06-19T17:33:39 CDT">
          <reporter-output>
          </reporter-output>
        </test-method> <!-- testCarvanaHomePageTitleAndUrl -->
        <test-method status="PASS" signature="teardown()[pri:0, instance:scripts.CarvanaTest@4dfa3a9d]" name="teardown" is-config="true" duration-ms="1024" started-at="2022-06-19T17:33:39 CDT" finished-at="2022-06-19T17:33:40 CDT">
          <reporter-output>
          </reporter-output>
        </test-method> <!-- teardown -->
        <test-method status="PASS" signature="setup()[pri:0, instance:scripts.CarvanaTest@4dfa3a9d]" name="setup" is-config="true" duration-ms="1358" started-at="2022-06-19T17:33:40 CDT" finished-at="2022-06-19T17:33:42 CDT">
          <reporter-output>
          </reporter-output>
        </test-method> <!-- setup -->
        <test-method status="PASS" signature="testCarvanaLogo()[pri:2, instance:scripts.CarvanaTest@4dfa3a9d]" name="testCarvanaLogo" duration-ms="2535" started-at="2022-06-19T17:33:42 CDT" description="Validate the Carvana logo" finished-at="2022-06-19T17:33:44 CDT">
          <reporter-output>
          </reporter-output>
        </test-method> <!-- testCarvanaLogo -->
        <test-method status="PASS" signature="teardown()[pri:0, instance:scripts.CarvanaTest@4dfa3a9d]" name="teardown" is-config="true" duration-ms="1003" started-at="2022-06-19T17:33:44 CDT" finished-at="2022-06-19T17:33:45 CDT">
          <reporter-output>
          </reporter-output>
        </test-method> <!-- teardown -->
        <test-method status="PASS" signature="setup()[pri:0, instance:scripts.CarvanaTest@4dfa3a9d]" name="setup" is-config="true" duration-ms="1331" started-at="2022-06-19T17:33:45 CDT" finished-at="2022-06-19T17:33:47 CDT">
          <reporter-output>
          </reporter-output>
        </test-method> <!-- setup -->
        <test-method status="PASS" signature="testCarvanaNavigationItems()[pri:3, instance:scripts.CarvanaTest@4dfa3a9d]" name="testCarvanaNavigationItems" duration-ms="2774" started-at="2022-06-19T17:33:47 CDT" description="Validate the main navigation section items" finished-at="2022-06-19T17:33:49 CDT">
          <reporter-output>
          </reporter-output>
        </test-method> <!-- testCarvanaNavigationItems -->
        <test-method status="PASS" signature="teardown()[pri:0, instance:scripts.CarvanaTest@4dfa3a9d]" name="teardown" is-config="true" duration-ms="1116" started-at="2022-06-19T17:33:49 CDT" finished-at="2022-06-19T17:33:50 CDT">
          <reporter-output>
          </reporter-output>
        </test-method> <!-- teardown -->
        <test-method status="PASS" signature="setup()[pri:0, instance:scripts.CarvanaTest@4dfa3a9d]" name="setup" is-config="true" duration-ms="1366" started-at="2022-06-19T17:33:50 CDT" finished-at="2022-06-19T17:33:52 CDT">
          <reporter-output>
          </reporter-output>
        </test-method> <!-- setup -->
        <test-method status="PASS" signature="testCarvanaSignInErrorMessage()[pri:4, instance:scripts.CarvanaTest@4dfa3a9d]" name="testCarvanaSignInErrorMessage" duration-ms="3744" started-at="2022-06-19T17:33:52 CDT" description="Validate the sign in error message" finished-at="2022-06-19T17:33:56 CDT">
          <reporter-output>
          </reporter-output>
        </test-method> <!-- testCarvanaSignInErrorMessage -->
        <test-method status="PASS" signature="teardown()[pri:0, instance:scripts.CarvanaTest@4dfa3a9d]" name="teardown" is-config="true" duration-ms="1102" started-at="2022-06-19T17:33:56 CDT" finished-at="2022-06-19T17:33:57 CDT">
          <reporter-output>
          </reporter-output>
        </test-method> <!-- teardown -->
        <test-method status="PASS" signature="setup()[pri:0, instance:scripts.CarvanaTest@4dfa3a9d]" name="setup" is-config="true" duration-ms="1404" started-at="2022-06-19T17:33:57 CDT" finished-at="2022-06-19T17:33:58 CDT">
          <reporter-output>
          </reporter-output>
        </test-method> <!-- setup -->
        <test-method status="PASS" signature="testCarvanaSeacrhFilterAndSearchButton()[pri:5, instance:scripts.CarvanaTest@4dfa3a9d]" name="testCarvanaSeacrhFilterAndSearchButton" duration-ms="8307" started-at="2022-06-19T17:33:58 CDT" description="Validate the search filter options and search button" finished-at="2022-06-19T17:34:06 CDT">
          <reporter-output>
          </reporter-output>
        </test-method> <!-- testCarvanaSeacrhFilterAndSearchButton -->
        <test-method status="PASS" signature="teardown()[pri:0, instance:scripts.CarvanaTest@4dfa3a9d]" name="teardown" is-config="true" duration-ms="1230" started-at="2022-06-19T17:34:06 CDT" finished-at="2022-06-19T17:34:08 CDT">
          <reporter-output>
          </reporter-output>
        </test-method> <!-- teardown -->
        <test-method status="PASS" signature="setup()[pri:0, instance:scripts.CarvanaTest@4dfa3a9d]" name="setup" is-config="true" duration-ms="1380" started-at="2022-06-19T17:34:08 CDT" finished-at="2022-06-19T17:34:09 CDT">
          <reporter-output>
          </reporter-output>
        </test-method> <!-- setup -->
        <test-method status="FAIL" signature="testCarvanaSearchResultTitles()[pri:6, instance:scripts.CarvanaTest@4dfa3a9d]" name="testCarvanaSearchResultTitles" duration-ms="15172" started-at="2022-06-19T17:34:09 CDT" description="Validate the search result tiles" finished-at="2022-06-19T17:34:24 CDT">
          <exception class="java.lang.AssertionError">
            <message>
              <![CDATA[expected [true] but found [false]]]>
            </message>
            <full-stacktrace>
              <![CDATA[java.lang.AssertionError: expected [true] but found [false]
at org.testng.Assert.fail(Assert.java:97)
at org.testng.Assert.failNotEquals(Assert.java:969)
at org.testng.Assert.assertTrue(Assert.java:43)
at org.testng.Assert.assertTrue(Assert.java:53)
at scripts.CarvanaTest.testCarvanaSearchResultTitles(CarvanaTest.java:103)
at sun.reflect.NativeMethodAccessorImpl.invoke0(Native Method)
at sun.reflect.NativeMethodAccessorImpl.invoke(NativeMethodAccessorImpl.java:62)
at sun.reflect.DelegatingMethodAccessorImpl.invoke(DelegatingMethodAccessorImpl.java:43)
at java.lang.reflect.Method.invoke(Method.java:498)
at org.testng.internal.MethodInvocationHelper.invokeMethod(MethodInvocationHelper.java:134)
at org.testng.internal.TestInvoker.invokeMethod(TestInvoker.java:597)
at org.testng.internal.TestInvoker.invokeTestMethod(TestInvoker.java:173)
at org.testng.internal.MethodRunner.runInSequence(MethodRunner.java:46)
at org.testng.internal.TestInvoker$MethodInvocationAgent.invoke(TestInvoker.java:816)
at org.testng.internal.TestInvoker.invokeTestMethods(TestInvoker.java:146)
at org.testng.internal.TestMethodWorker.invokeTestMethods(TestMethodWorker.java:146)
at org.testng.internal.TestMethodWorker.run(TestMethodWorker.java:128)
at java.util.ArrayList.forEach(ArrayList.java:1259)
at org.testng.TestRunner.privateRun(TestRunner.java:766)
at org.testng.TestRunner.run(TestRunner.java:587)
at org.testng.SuiteRunner.runTest(SuiteRunner.java:384)
at org.testng.SuiteRunner.runSequentially(SuiteRunner.java:378)
at org.testng.SuiteRunner.privateRun(SuiteRunner.java:337)
at org.testng.SuiteRunner.run(SuiteRunner.java:286)
at org.testng.SuiteRunnerWorker.runSuite(SuiteRunnerWorker.java:53)
at org.testng.SuiteRunnerWorker.run(SuiteRunnerWorker.java:96)
at org.testng.TestNG.runSuitesSequentially(TestNG.java:1187)
at org.testng.TestNG.runSuitesLocally(TestNG.java:1109)
at org.testng.TestNG.runSuites(TestNG.java:1039)
at org.testng.TestNG.run(TestNG.java:1007)
at org.apache.maven.surefire.testng.TestNGExecutor.run(TestNGExecutor.java:281)
at org.apache.maven.surefire.testng.TestNGXmlTestSuite.execute(TestNGXmlTestSuite.java:75)
at org.apache.maven.surefire.testng.TestNGProvider.invoke(TestNGProvider.java:121)
at org.apache.maven.surefire.booter.ForkedBooter.invokeProviderInSameClassLoader(ForkedBooter.java:290)
at org.apache.maven.surefire.booter.ForkedBooter.runSuitesInProcess(ForkedBooter.java:242)
at org.apache.maven.surefire.booter.ForkedBooter.main(ForkedBooter.java:121)
]]>
            </full-stacktrace>
          </exception> <!-- java.lang.AssertionError -->
          <reporter-output>
          </reporter-output>
        </test-method> <!-- testCarvanaSearchResultTitles -->
        <test-method status="PASS" signature="teardown()[pri:0, instance:scripts.CarvanaTest@4dfa3a9d]" name="teardown" is-config="true" duration-ms="1394" started-at="2022-06-19T17:34:24 CDT" finished-at="2022-06-19T17:34:26 CDT">
          <reporter-output>
          </reporter-output>
        </test-method> <!-- teardown -->
      </class> <!-- scripts.CarvanaTest -->
    </test> <!-- All Tests -->
  </suite> <!-- Regression -->
</testng-results>
