-------------------------------------------------------------------------------
Test set: TestSuite
-------------------------------------------------------------------------------
Tests run: 6, Failures: 1, Errors: 0, Skipped: 0, Time elapsed: 52.567 sec <<< FAILURE! - in TestSuite
testCarvanaSearchResultTitles(scripts.CarvanaTest)  Time elapsed: 15.18 sec  <<< FAILURE!
java.lang.AssertionError: expected [true] but found [false]
	at scripts.CarvanaTest.testCarvanaSearchResultTitles(CarvanaTest.java:103)

