<?xml version="1.0" encoding="UTF-8" ?>
<testsuite tests="6" failures="1" name="scripts.CarvanaTest" time="33.382" errors="0" skipped="0">
  <properties>
[...]
</properties>
  <testcase classname="scripts.CarvanaTest" name="testCarvanaHomePageTitleAndUrl" time="2.65"/>
  <testcase classname="scripts.CarvanaTest" name="testCarvanaLogo" time="2.269"/>
  <testcase classname="scripts.CarvanaTest" name="testCarvanaNavigationItems" time="2.327"/>
  <testcase classname="scripts.CarvanaTest" name="testCarvanaSignInErrorMessage" time="3.288"/>
  <testcase classname="scripts.CarvanaTest" name="testCarvanaSeacrhFilterAndSearchButton" time="8.501"/>
  <testcase classname="scripts.CarvanaTest" name="testCarvanaSearchResultTitles" time="14.347">
    <failure message="expected [true] but found [false]" type="java.lang.AssertionError">java.lang.AssertionError: expected [true] but found [false]
	at org.testng.Assert.fail(Assert.java:97)
	at org.testng.Assert.failNotEquals(Assert.java:969)
	at org.testng.Assert.assertTrue(Assert.java:43)
	at org.testng.Assert.assertTrue(Assert.java:53)
	at scripts.CarvanaTest.testCarvanaSearchResultTitles(CarvanaTest.java:89)
</failure>
    <system-err>Starting ChromeDriver 102.0.5005.61 (0e59bcc00cc4985ce39ad31c150065f159d95ad3-refs/branch-heads/5005@{#819}) on port 23984
Only local connections are allowed.
Please see https://chromedriver.chromium.org/security-considerations for suggestions on keeping ChromeDriver safe.
ChromeDriver was started successfully.
Jun 20, 2022 12:27:03 AM org.openqa.selenium.remote.ProtocolHandshake createSession
INFO: Detected dialect: W3C
</system-err>
  </testcase>
</testsuite>